# JRE version: Java(TM) SE Runtime Environment (7.0_79-b15) (build 1.7.0_79-b15)
# Java VM: Java HotSpot(TM) Client VM (24.79-b02 mixed mode, sharing windows-x86 )
Heap
 def new generation   total 78656K, used 78655K [0x23800000, 0x28d50000, 0x28d50000)
  eden space 69952K,  99% used [0x23800000, 0x27c4fff8, 0x27c50000)
  from space 8704K,  99% used [0x284d0000, 0x28d4ffe8, 0x28d50000)
  to   space 8704K,   0% used [0x27c50000, 0x27c50000, 0x284d0000)
 tenured generation   total 174784K, used 174784K [0x28d50000, 0x33800000, 0x33800000)
   the space 174784K, 100% used [0x28d50000, 0x33800000, 0x33800000, 0x33800000)
 compacting perm gen  total 12288K, used 324K [0x33800000, 0x34400000, 0x37800000)
   the space 12288K,   2% used [0x33800000, 0x33851368, 0x33851400, 0x34400000)
    ro space 10240K,  44% used [0x37800000, 0x37c7c1d8, 0x37c7c200, 0x38200000)
    rw space 12288K,  52% used [0x38200000, 0x388440c0, 0x38844200, 0x38e00000)
GC Heap History (10 events):
Event: 563299.048 GC heap before
{Heap before GC invocations=41 (full 34):
 def new generation   total 78656K, used 78655K [0x23800000, 0x28d50000, 0x28d50000)
  eden space 69952K,  99% used [0x23800000, 0x27c4fff8, 0x27c50000)
  from space 8704K, 100% used [0x284d0000, 0x28d50000, 0x28d50000)
  to   space 8704K,   0% used [0x27c50000, 0x27c50000, 0x284d0000)
 tenured generation   total 174784K, used 174783K [0x28d50000, 0x33800000, 0x33800000)
   the space 174784K,  99% used [0x28d50000, 0x337ffff8, 0x33800000, 0x33800000)
 compacting perm gen  total 12288K, used 324K [0x33800000, 0x34400000, 0x37800000)
   the space 12288K,   2% used [0x33800000, 0x338513a8, 0x33851400, 0x34400000)
    ro space 10240K,  44% used [0x37800000, 0x37c7c1d8, 0x37c7c200, 0x38200000)
    rw space 12288K,  52% used [0x38200000, 0x388440c0, 0x38844200, 0x38e00000)
Event: 563300.555 GC heap after
Heap after GC invocations=42 (full 35):
 def new generation   total 78656K, used 78655K [0x23800000, 0x28d50000, 0x28d50000)
  eden space 69952K,  99% used [0x23800000, 0x27c4fff8, 0x27c50000)
  from space 8704K, 100% used [0x284d0000, 0x28d50000, 0x28d50000)
  to   space 8704K,   0% used [0x27c50000, 0x27c50000, 0x284d0000)
 tenured generation   total 174784K, used 174783K [0x28d50000, 0x33800000, 0x33800000)
   the space 174784K,  99% used [0x28d50000, 0x337ffff8, 0x33800000, 0x33800000)
 compacting perm gen  total 12288K, used 324K [0x33800000, 0x34400000, 0x37800000)
   the space 12288K,   2% used [0x33800000, 0x338513a8, 0x33851400, 0x34400000)
    ro space 10240K,  44% used [0x37800000, 0x37c7c1d8, 0x37c7c200, 0x38200000)
    rw space 12288K,  52% used [0x38200000, 0x388440c0, 0x38844200, 0x38e00000)
}
Event: 563300.556 GC heap before
{Heap before GC invocations=42 (full 35):
 def new generation   total 78656K, used 78655K [0x23800000, 0x28d50000, 0x28d50000)
  eden space 69952K,  99% used [0x23800000, 0x27c4fff8, 0x27c50000)
  from space 8704K, 100% used [0x284d0000, 0x28d50000, 0x28d50000)
  to   space 8704K,   0% used [0x27c50000, 0x27c50000, 0x284d0000)
 tenured generation   total 174784K, used 174783K [0x28d50000, 0x33800000, 0x33800000)
   the space 174784K,  99% used [0x28d50000, 0x337ffff8, 0x33800000, 0x33800000)
 compacting perm gen  total 12288K, used 324K [0x33800000, 0x34400000, 0x37800000)
   the space 12288K,   2% used [0x33800000, 0x338513a8, 0x33851400, 0x34400000)
    ro space 10240K,  44% used [0x37800000, 0x37c7c1d8, 0x37c7c200, 0x38200000)
    rw space 12288K,  52% used [0x38200000, 0x388440c0, 0x38844200, 0x38e00000)
Event: 563302.501 GC heap after
Heap after GC invocations=43 (full 36):
 def new generation   total 78656K, used 78655K [0x23800000, 0x28d50000, 0x28d50000)
  eden space 69952K,  99% used [0x23800000, 0x27c4fff8, 0x27c50000)
  from space 8704K,  99% used [0x284d0000, 0x28d4fdf0, 0x28d50000)
  to   space 8704K,   0% used [0x27c50000, 0x27c50000, 0x284d0000)
 tenured generation   total 174784K, used 174784K [0x28d50000, 0x33800000, 0x33800000)
   the space 174784K, 100% used [0x28d50000, 0x33800000, 0x33800000, 0x33800000)
 compacting perm gen  total 12288K, used 324K [0x33800000, 0x34400000, 0x37800000)
   the space 12288K,   2% used [0x33800000, 0x33851368, 0x33851400, 0x34400000)
    ro space 10240K,  44% used [0x37800000, 0x37c7c1d8, 0x37c7c200, 0x38200000)
    rw space 12288K,  52% used [0x38200000, 0x388440c0, 0x38844200, 0x38e00000)
}
Event: 563302.797 GC heap before
{Heap before GC invocations=43 (full 36):
 def new generation   total 78656K, used 78655K [0x23800000, 0x28d50000, 0x28d50000)
  eden space 69952K,  99% used [0x23800000, 0x27c4fff8, 0x27c50000)
  from space 8704K,  99% used [0x284d0000, 0x28d4ffd0, 0x28d50000)
  to   space 8704K,   0% used [0x27c50000, 0x27c50000, 0x284d0000)
 tenured generation   total 174784K, used 174784K [0x28d50000, 0x33800000, 0x33800000)
   the space 174784K, 100% used [0x28d50000, 0x33800000, 0x33800000, 0x33800000)
 compacting perm gen  total 12288K, used 324K [0x33800000, 0x34400000, 0x37800000)
   the space 12288K,   2% used [0x33800000, 0x33851368, 0x33851400, 0x34400000)
    ro space 10240K,  44% used [0x37800000, 0x37c7c1d8, 0x37c7c200, 0x38200000)
    rw space 12288K,  52% used [0x38200000, 0x388440c0, 0x38844200, 0x38e00000)
Event: 563305.001 GC heap after
Heap after GC invocations=44 (full 37):
 def new generation   total 78656K, used 78655K [0x23800000, 0x28d50000, 0x28d50000)
  eden space 69952K,  99% used [0x23800000, 0x27c4fff8, 0x27c50000)
  from space 8704K,  99% used [0x284d0000, 0x28d4ff70, 0x28d50000)
  to   space 8704K,   0% used [0x27c50000, 0x27c50000, 0x284d0000)
 tenured generation   total 174784K, used 174784K [0x28d50000, 0x33800000, 0x33800000)
   the space 174784K, 100% used [0x28d50000, 0x33800000, 0x33800000, 0x33800000)
 compacting perm gen  total 12288K, used 324K [0x33800000, 0x34400000, 0x37800000)
   the space 12288K,   2% used [0x33800000, 0x33851368, 0x33851400, 0x34400000)
    ro space 10240K,  44% used [0x37800000, 0x37c7c1d8, 0x37c7c200, 0x38200000)
    rw space 12288K,  52% used [0x38200000, 0x388440c0, 0x38844200, 0x38e00000)
}
Event: 563306.887 GC heap before
{Heap before GC invocations=44 (full 37):
 def new generation   total 78656K, used 78655K [0x23800000, 0x28d50000, 0x28d50000)
  eden space 69952K,  99% used [0x23800000, 0x27c4fff8, 0x27c50000)
  from space 8704K,  99% used [0x284d0000, 0x28d4ffe8, 0x28d50000)
  to   space 8704K,   0% used [0x27c50000, 0x27c50000, 0x284d0000)
 tenured generation   total 174784K, used 174784K [0x28d50000, 0x33800000, 0x33800000)
   the space 174784K, 100% used [0x28d50000, 0x33800000, 0x33800000, 0x33800000)
 compacting perm gen  total 12288K, used 324K [0x33800000, 0x34400000, 0x37800000)
   the space 12288K,   2% used [0x33800000, 0x33851368, 0x33851400, 0x34400000)
    ro space 10240K,  44% used [0x37800000, 0x37c7c1d8, 0x37c7c200, 0x38200000)
    rw space 12288K,  52% used [0x38200000, 0x388440c0, 0x38844200, 0x38e00000)
Event: 563308.247 GC heap after
Heap after GC invocations=45 (full 38):
 def new generation   total 78656K, used 78655K [0x23800000, 0x28d50000, 0x28d50000)
  eden space 69952K,  99% used [0x23800000, 0x27c4fff8, 0x27c50000)
  from space 8704K,  99% used [0x284d0000, 0x28d4ffe8, 0x28d50000)
  to   space 8704K,   0% used [0x27c50000, 0x27c50000, 0x284d0000)
 tenured generation   total 174784K, used 174784K [0x28d50000, 0x33800000, 0x33800000)
   the space 174784K, 100% used [0x28d50000, 0x33800000, 0x33800000, 0x33800000)
 compacting perm gen  total 12288K, used 324K [0x33800000, 0x34400000, 0x37800000)
   the space 12288K,   2% used [0x33800000, 0x33851368, 0x33851400, 0x34400000)
    ro space 10240K,  44% used [0x37800000, 0x37c7c1d8, 0x37c7c200, 0x38200000)
    rw space 12288K,  52% used [0x38200000, 0x388440c0, 0x38844200, 0x38e00000)
}
Event: 563308.247 GC heap before
{Heap before GC invocations=45 (full 38):
 def new generation   total 78656K, used 78655K [0x23800000, 0x28d50000, 0x28d50000)
  eden space 69952K,  99% used [0x23800000, 0x27c4fff8, 0x27c50000)
  from space 8704K,  99% used [0x284d0000, 0x28d4ffe8, 0x28d50000)
  to   space 8704K,   0% used [0x27c50000, 0x27c50000, 0x284d0000)
 tenured generation   total 174784K, used 174784K [0x28d50000, 0x33800000, 0x33800000)
   the space 174784K, 100% used [0x28d50000, 0x33800000, 0x33800000, 0x33800000)
 compacting perm gen  total 12288K, used 324K [0x33800000, 0x34400000, 0x37800000)
   the space 12288K,   2% used [0x33800000, 0x33851368, 0x33851400, 0x34400000)
    ro space 10240K,  44% used [0x37800000, 0x37c7c1d8, 0x37c7c200, 0x38200000)
    rw space 12288K,  52% used [0x38200000, 0x388440c0, 0x38844200, 0x38e00000)
Event: 563309.574 GC heap after
Heap after GC invocations=46 (full 39):
 def new generation   total 78656K, used 78655K [0x23800000, 0x28d50000, 0x28d50000)
  eden space 69952K,  99% used [0x23800000, 0x27c4fff8, 0x27c50000)
  from space 8704K,  99% used [0x284d0000, 0x28d4ffe8, 0x28d50000)
  to   space 8704K,   0% used [0x27c50000, 0x27c50000, 0x284d0000)
 tenured generation   total 174784K, used 174784K [0x28d50000, 0x33800000, 0x33800000)
   the space 174784K, 100% used [0x28d50000, 0x33800000, 0x33800000, 0x33800000)
 compacting perm gen  total 12288K, used 324K [0x33800000, 0x34400000, 0x37800000)
   the space 12288K,   2% used [0x33800000, 0x33851368, 0x33851400, 0x34400000)
    ro space 10240K,  44% used [0x37800000, 0x37c7c1d8, 0x37c7c200, 0x38200000)
    rw space 12288K,  52% used [0x38200000, 0x388440c0, 0x38844200, 0x38e00000)
}

